[!] Installing yum-utils...
[!] Adding Docker repository...
[!] Installing docker-ce, docker-cd-cli and containerd.io
[!] Installing yum-utils...
[!] Adding Docker repository...
[!] Installing docker-ce, docker-cd-cli and containerd.io
[!] Installing yum-utils...
[!] Adding Docker repository...
[!] Installing docker-ce, docker-cd-cli and containerd.io
[!] Installing yum-utils...
[!] Adding Docker repository...
[!] Installing docker-ce, docker-cd-cli and containerd.io
[!] Initializing post-installation tasks...
[!] Creating docker group...
[!] Adding user  to docker group...
[!] Refreshing group membership...[!] Installing yum-utils...
[!] Adding Docker repository...
[!] Installing docker-ce, docker-cd-cli and containerd.io
[!] Initializing post-installation tasks...
[!] Creating docker group...
[!] Adding user wisp to docker group...
[!] Refreshing group membership...[!] Installing yum-utils...
Loaded plugins: fastestmirror
Loading mirror speeds from cached hostfile
 * base: mirror.ilumno.com
 * extras: mirror.ilumno.com
 * updates: mirror.dal.nexril.net
Resolving Dependencies
--> Running transaction check
---> Package yum-utils.noarch 0:1.1.31-54.el7_8 will be installed
--> Processing Dependency: python-kitchen for package: yum-utils-1.1.31-54.el7_8.noarch
--> Processing Dependency: libxml2-python for package: yum-utils-1.1.31-54.el7_8.noarch
--> Running transaction check
---> Package libxml2-python.x86_64 0:2.9.1-6.el7.5 will be installed
---> Package python-kitchen.noarch 0:1.1.1-5.el7 will be installed
--> Processing Dependency: python-chardet for package: python-kitchen-1.1.1-5.el7.noarch
--> Running transaction check
---> Package python-chardet.noarch 0:2.2.1-3.el7 will be installed
--> Finished Dependency Resolution

Dependencies Resolved

================================================================================
 Package               Arch          Version                  Repository   Size
================================================================================
Installing:
 yum-utils             noarch        1.1.31-54.el7_8          base        122 k
Installing for dependencies:
 libxml2-python        x86_64        2.9.1-6.el7.5            base        247 k
 python-chardet        noarch        2.2.1-3.el7              base        227 k
 python-kitchen        noarch        1.1.1-5.el7              base        267 k

Transaction Summary
================================================================================
Install  1 Package (+3 Dependent packages)

Total download size: 863 k
Installed size: 4.3 M
Downloading packages:
--------------------------------------------------------------------------------
Total                                               28 kB/s | 863 kB  00:30     
Running transaction check
Running transaction test
Transaction test succeeded
Running transaction
  Installing : python-chardet-2.2.1-3.el7.noarch                            1/4 
  Installing : python-kitchen-1.1.1-5.el7.noarch                            2/4 
  Installing : libxml2-python-2.9.1-6.el7.5.x86_64                          3/4 
  Installing : yum-utils-1.1.31-54.el7_8.noarch                             4/4 
  Verifying  : libxml2-python-2.9.1-6.el7.5.x86_64                          1/4 
  Verifying  : python-kitchen-1.1.1-5.el7.noarch                            2/4 
  Verifying  : yum-utils-1.1.31-54.el7_8.noarch                             3/4 
  Verifying  : python-chardet-2.2.1-3.el7.noarch                            4/4 

Installed:
  yum-utils.noarch 0:1.1.31-54.el7_8                                            

Dependency Installed:
  libxml2-python.x86_64 0:2.9.1-6.el7.5   python-chardet.noarch 0:2.2.1-3.el7  
  python-kitchen.noarch 0:1.1.1-5.el7    

Complete!
[!] Adding Docker repository...
Loaded plugins: fastestmirror
adding repo from: https://download.docker.com/linux/centos/docker-ce.repo
grabbing file https://download.docker.com/linux/centos/docker-ce.repo to /etc/yum.repos.d/docker-ce.repo
repo saved to /etc/yum.repos.d/docker-ce.repo
[!] Installing docker-ce, docker-cd-cli and containerd.io
Loaded plugins: fastestmirror
Loading mirror speeds from cached hostfile
 * base: mirror.ilumno.com
 * extras: mirror.ilumno.com
 * updates: mirror.dal.nexril.net
No package docker-cd-cli available.
Resolving Dependencies
--> Running transaction check
---> Package containerd.io.x86_64 0:1.4.6-3.1.el7 will be installed
--> Processing Dependency: container-selinux >= 2:2.74 for package: containerd.io-1.4.6-3.1.el7.x86_64
---> Package docker-ce.x86_64 3:20.10.7-3.el7 will be installed
--> Processing Dependency: docker-ce-cli for package: 3:docker-ce-20.10.7-3.el7.x86_64
--> Processing Dependency: docker-ce-rootless-extras for package: 3:docker-ce-20.10.7-3.el7.x86_64
--> Processing Dependency: libcgroup for package: 3:docker-ce-20.10.7-3.el7.x86_64
--> Running transaction check
---> Package container-selinux.noarch 2:2.119.2-1.911c772.el7_8 will be installed
--> Processing Dependency: policycoreutils-python for package: 2:container-selinux-2.119.2-1.911c772.el7_8.noarch
---> Package docker-ce-cli.x86_64 1:20.10.7-3.el7 will be installed
--> Processing Dependency: docker-scan-plugin(x86-64) for package: 1:docker-ce-cli-20.10.7-3.el7.x86_64
---> Package docker-ce-rootless-extras.x86_64 0:20.10.7-3.el7 will be installed
--> Processing Dependency: fuse-overlayfs >= 0.7 for package: docker-ce-rootless-extras-20.10.7-3.el7.x86_64
--> Processing Dependency: slirp4netns >= 0.4 for package: docker-ce-rootless-extras-20.10.7-3.el7.x86_64
---> Package libcgroup.x86_64 0:0.41-21.el7 will be installed
--> Running transaction check
---> Package docker-scan-plugin.x86_64 0:0.8.0-3.el7 will be installed
---> Package fuse-overlayfs.x86_64 0:0.7.2-6.el7_8 will be installed
--> Processing Dependency: libfuse3.so.3(FUSE_3.2)(64bit) for package: fuse-overlayfs-0.7.2-6.el7_8.x86_64
--> Processing Dependency: libfuse3.so.3(FUSE_3.0)(64bit) for package: fuse-overlayfs-0.7.2-6.el7_8.x86_64
--> Processing Dependency: libfuse3.so.3()(64bit) for package: fuse-overlayfs-0.7.2-6.el7_8.x86_64
---> Package policycoreutils-python.x86_64 0:2.5-34.el7 will be installed
--> Processing Dependency: setools-libs >= 3.3.8-4 for package: policycoreutils-python-2.5-34.el7.x86_64
--> Processing Dependency: libsemanage-python >= 2.5-14 for package: policycoreutils-python-2.5-34.el7.x86_64
--> Processing Dependency: audit-libs-python >= 2.1.3-4 for package: policycoreutils-python-2.5-34.el7.x86_64
--> Processing Dependency: python-IPy for package: policycoreutils-python-2.5-34.el7.x86_64
--> Processing Dependency: libqpol.so.1(VERS_1.4)(64bit) for package: policycoreutils-python-2.5-34.el7.x86_64
--> Processing Dependency: libqpol.so.1(VERS_1.2)(64bit) for package: policycoreutils-python-2.5-34.el7.x86_64
--> Processing Dependency: libapol.so.4(VERS_4.0)(64bit) for package: policycoreutils-python-2.5-34.el7.x86_64
--> Processing Dependency: checkpolicy for package: policycoreutils-python-2.5-34.el7.x86_64
--> Processing Dependency: libqpol.so.1()(64bit) for package: policycoreutils-python-2.5-34.el7.x86_64
--> Processing Dependency: libapol.so.4()(64bit) for package: policycoreutils-python-2.5-34.el7.x86_64
---> Package slirp4netns.x86_64 0:0.4.3-4.el7_8 will be installed
--> Running transaction check
---> Package audit-libs-python.x86_64 0:2.8.5-4.el7 will be installed
---> Package checkpolicy.x86_64 0:2.5-8.el7 will be installed
---> Package fuse3-libs.x86_64 0:3.6.1-4.el7 will be installed
---> Package libsemanage-python.x86_64 0:2.5-14.el7 will be installed
---> Package python-IPy.noarch 0:0.75-6.el7 will be installed
---> Package setools-libs.x86_64 0:3.3.8-4.el7 will be installed
--> Finished Dependency Resolution

Dependencies Resolved

================================================================================
 Package                Arch   Version                   Repository        Size
================================================================================
Installing:
 containerd.io          x86_64 1.4.6-3.1.el7             docker-ce-stable  34 M
 docker-ce              x86_64 3:20.10.7-3.el7           docker-ce-stable  27 M
Installing for dependencies:
 audit-libs-python      x86_64 2.8.5-4.el7               base              76 k
 checkpolicy            x86_64 2.5-8.el7                 base             295 k
 container-selinux      noarch 2:2.119.2-1.911c772.el7_8 extras            40 k
 docker-ce-cli          x86_64 1:20.10.7-3.el7           docker-ce-stable  33 M
 docker-ce-rootless-extras
                        x86_64 20.10.7-3.el7             docker-ce-stable 9.2 M
 docker-scan-plugin     x86_64 0.8.0-3.el7               docker-ce-stable 4.2 M
 fuse-overlayfs         x86_64 0.7.2-6.el7_8             extras            54 k
 fuse3-libs             x86_64 3.6.1-4.el7               extras            82 k
 libcgroup              x86_64 0.41-21.el7               base              66 k
 libsemanage-python     x86_64 2.5-14.el7                base             113 k
 policycoreutils-python x86_64 2.5-34.el7                base             457 k
 python-IPy             noarch 0.75-6.el7                base              32 k
 setools-libs           x86_64 3.3.8-4.el7               base             620 k
 slirp4netns            x86_64 0.4.3-4.el7_8             extras            81 k

Transaction Summary
================================================================================
Install  2 Packages (+14 Dependent packages)

Total download size: 108 M
Installed size: 444 M
Downloading packages:
Public key for docker-ce-20.10.7-3.el7.x86_64.rpm is not installed
--------------------------------------------------------------------------------
Total                                              6.2 MB/s | 108 MB  00:17     
Retrieving key from https://download.docker.com/linux/centos/gpg
Running transaction check
Running transaction test
Transaction test succeeded
Running transaction
  Installing : libcgroup-0.41-21.el7.x86_64                                1/16 
  Installing : 1:docker-ce-cli-20.10.7-3.el7.x86_64                        2/16 
  Installing : docker-scan-plugin-0.8.0-3.el7.x86_64                       3/16 
  Installing : setools-libs-3.3.8-4.el7.x86_64                             4/16 
  Installing : python-IPy-0.75-6.el7.noarch                                5/16 
  Installing : slirp4netns-0.4.3-4.el7_8.x86_64                            6/16 
  Installing : libsemanage-python-2.5-14.el7.x86_64                        7/16 
  Installing : audit-libs-python-2.8.5-4.el7.x86_64                        8/16 
  Installing : fuse3-libs-3.6.1-4.el7.x86_64                               9/16 
  Installing : fuse-overlayfs-0.7.2-6.el7_8.x86_64                        10/16 
  Installing : checkpolicy-2.5-8.el7.x86_64                               11/16 
  Installing : policycoreutils-python-2.5-34.el7.x86_64                   12/16 
  Installing : 2:container-selinux-2.119.2-1.911c772.el7_8.noarch         13/16 
  Installing : containerd.io-1.4.6-3.1.el7.x86_64                         14/16 
  Installing : docker-ce-rootless-extras-20.10.7-3.el7.x86_64             15/16 
  Installing : 3:docker-ce-20.10.7-3.el7.x86_64                           16/16 
  Verifying  : containerd.io-1.4.6-3.1.el7.x86_64                          1/16 
  Verifying  : checkpolicy-2.5-8.el7.x86_64                                2/16 
  Verifying  : fuse3-libs-3.6.1-4.el7.x86_64                               3/16 
  Verifying  : audit-libs-python-2.8.5-4.el7.x86_64                        4/16 
  Verifying  : docker-scan-plugin-0.8.0-3.el7.x86_64                       5/16 
  Verifying  : libsemanage-python-2.5-14.el7.x86_64                        6/16 
  Verifying  : slirp4netns-0.4.3-4.el7_8.x86_64                            7/16 
  Verifying  : 2:container-selinux-2.119.2-1.911c772.el7_8.noarch          8/16 
  Verifying  : python-IPy-0.75-6.el7.noarch                                9/16 
  Verifying  : policycoreutils-python-2.5-34.el7.x86_64                   10/16 
  Verifying  : 3:docker-ce-20.10.7-3.el7.x86_64                           11/16 
  Verifying  : 1:docker-ce-cli-20.10.7-3.el7.x86_64                       12/16 
  Verifying  : setools-libs-3.3.8-4.el7.x86_64                            13/16 
  Verifying  : docker-ce-rootless-extras-20.10.7-3.el7.x86_64             14/16 
  Verifying  : fuse-overlayfs-0.7.2-6.el7_8.x86_64                        15/16 
  Verifying  : libcgroup-0.41-21.el7.x86_64                               16/16 

Installed:
  containerd.io.x86_64 0:1.4.6-3.1.el7     docker-ce.x86_64 3:20.10.7-3.el7    

Dependency Installed:
  audit-libs-python.x86_64 0:2.8.5-4.el7                                        
  checkpolicy.x86_64 0:2.5-8.el7                                                
  container-selinux.noarch 2:2.119.2-1.911c772.el7_8                            
  docker-ce-cli.x86_64 1:20.10.7-3.el7                                          
  docker-ce-rootless-extras.x86_64 0:20.10.7-3.el7                              
  docker-scan-plugin.x86_64 0:0.8.0-3.el7                                       
  fuse-overlayfs.x86_64 0:0.7.2-6.el7_8                                         
  fuse3-libs.x86_64 0:3.6.1-4.el7                                               
  libcgroup.x86_64 0:0.41-21.el7                                                
  libsemanage-python.x86_64 0:2.5-14.el7                                        
  policycoreutils-python.x86_64 0:2.5-34.el7                                    
  python-IPy.noarch 0:0.75-6.el7                                                
  setools-libs.x86_64 0:3.3.8-4.el7                                             
  slirp4netns.x86_64 0:0.4.3-4.el7_8                                            

Complete!
[!] Initializing post-installation tasks...
[!] Creating docker group...
[!] Adding user wisp to docker group...
[!] Refreshing group membership...kwisp@centosDev2:~/repos/bash/install_docker\install_docker.sh
install.log
tests
kwisp@centosDev2:~/repos/bash/install_docker\install_docker.sh
install.log
tests
kwisp@centosDev2:~/repos/bash/install_docker\kwisp@centosDev2:~/repos/bash\bash_programming_course
bashrc_banner.txt
bios.sh
install_docker
install_mysql
itncm
linux_commands.jpg
README.md
real_world_scripts
restart_touch.sh
tmux_config.txt
vimrc_conf
vmware
vs_code_ln.sh
kwisp@centosDev2:~/repos/bash\kwisp@centosDev2:~/repos\kwisp@centosDev2:~/repos/bash\bash_programming_course
bashrc_banner.txt
bios.sh
install_docker
install_mysql
itncm
linux_commands.jpg
README.md
real_world_scripts
restart_touch.sh
tmux_config.txt
vimrc_conf
vmware
vs_code_ln.sh
kwisp@centosDev2:~/repos/bash\bash_programming_course
bashrc_banner.txt
bios.sh
install_docker
install_mysql
itncm
linux_commands.jpg
README.md
real_world_scripts
restart_touch.sh
tmux_config.txt
vimrc_conf
vmware
vs_code_ln.sh
kwisp@centosDev2:~/repos/bash\kwisp@centosDev2:~/repos\bash
kwisp@centosDev2:~/repos\bash
kwisp@centosDev2:~/repos\kwisp@centosDev2:~\repos
kwisp@centosDev2:~\/home/wisp
kwisp@centosDev2:~\